<?xml version="1.0" encoding="UTF-8"?>
<!-- Generated by org.testng.reporters.JUnitXMLReporter -->
<testsuite ignored="0" hostname="Pebbles" failures="0" tests="5" name="Default test" time="94.35" errors="0" timestamp="2023-02-17T15:20:17 EST">
  <testcase classname="com.tests.SalesforceTestAutomation" name="forgotPasswordTc4" time="6.928"/>
  <testcase classname="com.tests.SalesforceTestAutomation" name="forgotPasswordTc4a" time="20.247"/>
  <testcase classname="com.tests.SalesforceTestAutomation" name="rememberMeTc3" time="13.363"/>
  <testcase classname="com.tests.SalesforceTestAutomation" name="salesforceLoginErrorTc1" time="1.918"/>
  <testcase classname="com.tests.SalesforceTestAutomation" name="salesforceLoginTc2" time="15.542"/>
</testsuite> <!-- Default test -->
